<?xml version="1.0"?><coverage lines-covered="398" lines-valid="431" line-rate="0.9234338747099768" branches-covered="0" branches-valid="0" branch-rate="0" complexity="0" version="1.9" timestamp="1697946485"><sources><source>/home/rhernandez/lucy/prj/dev/aubox/dayendar</source></sources><packages><package name="tests" line-rate="0" branch-rate="0" complexity="0"><classes></classes></package><package name="fuzz/fuzz_targets" line-rate="0" branch-rate="0" complexity="0"><classes></classes></package><package name="examples" line-rate="0" branch-rate="0" complexity="0"><classes></classes></package><package name="bench" line-rate="0" branch-rate="0" complexity="0"><classes></classes></package><package name="src" line-rate="0.9234338747099768" branch-rate="0" complexity="0"><classes><class name="core" filename="src/core.rs" line-rate="0.9315960912052117" branch-rate="0" complexity="0"><methods/><lines><line number="32" hits="1"/><line number="33" hits="1"/><line number="34" hits="1"/><line number="35" hits="1"/><line number="36" hits="1"/><line number="37" hits="1"/><line number="39" hits="0"/><line number="43" hits="2"/><line number="47" hits="1"/><line number="49" hits="1"/><line number="58" hits="1"/><line number="59" hits="1"/><line number="60" hits="2"/><line number="61" hits="1"/><line number="66" hits="1"/><line number="68" hits="1"/><line number="69" hits="1"/><line number="74" hits="1"/><line number="75" hits="1"/><line number="76" hits="1"/><line number="80" hits="0"/><line number="81" hits="0"/><line number="82" hits="0"/><line number="86" hits="1"/><line number="87" hits="1"/><line number="88" hits="1"/><line number="92" hits="1"/><line number="93" hits="1"/><line number="94" hits="1"/><line number="98" hits="1"/><line number="99" hits="3"/><line number="100" hits="5"/><line number="101" hits="2"/><line number="103" hits="1"/><line number="109" hits="1"/><line number="110" hits="2"/><line number="112" hits="1"/><line number="114" hits="2"/><line number="115" hits="9"/><line number="116" hits="6"/><line number="117" hits="1"/><line number="122" hits="2"/><line number="126" hits="3"/><line number="127" hits="3"/><line number="129" hits="3"/><line number="131" hits="3"/><line number="132" hits="13"/><line number="133" hits="9"/><line number="134" hits="2"/><line number="139" hits="3"/><line number="143" hits="1"/><line number="144" hits="1"/><line number="146" hits="1"/><line number="148" hits="1"/><line number="149" hits="2"/><line number="150" hits="1"/><line number="151" hits="4"/><line number="152" hits="4"/><line number="153" hits="1"/><line number="154" hits="1"/><line number="155" hits="1"/><line number="163" hits="4"/><line number="164" hits="3"/><line number="165" hits="1"/><line number="166" hits="1"/><line number="167" hits="1"/><line number="174" hits="2"/><line number="175" hits="1"/><line number="179" hits="1"/><line number="183" hits="1"/><line number="184" hits="1"/><line number="186" hits="4"/><line number="187" hits="1"/><line number="188" hits="3"/><line number="189" hits="3"/><line number="190" hits="2"/><line number="191" hits="1"/><line number="193" hits="2"/><line number="194" hits="4"/><line number="196" hits="2"/><line number="200" hits="1"/><line number="209" hits="3"/><line number="210" hits="3"/><line number="212" hits="12"/><line number="213" hits="3"/><line number="214" hits="9"/><line number="215" hits="9"/><line number="216" hits="6"/><line number="217" hits="3"/><line number="219" hits="3"/><line number="220" hits="3"/><line number="222" hits="0"/><line number="226" hits="3"/><line number="235" hits="0"/><line number="236" hits="0"/><line number="238" hits="0"/><line number="239" hits="0"/><line number="241" hits="0"/><line number="242" hits="0"/><line number="243" hits="0"/><line number="245" hits="0"/><line number="246" hits="0"/><line number="251" hits="0"/><line number="255" hits="3"/><line number="256" hits="3"/><line number="258" hits="9"/><line number="259" hits="6"/><line number="261" hits="6"/><line number="262" hits="6"/><line number="263" hits="3"/><line number="265" hits="6"/><line number="266" hits="3"/><line number="271" hits="3"/><line number="275" hits="1"/><line number="276" hits="1"/><line number="278" hits="3"/><line number="279" hits="2"/><line number="281" hits="2"/><line number="282" hits="2"/><line number="283" hits="1"/><line number="285" hits="3"/><line number="286" hits="1"/><line number="288" hits="1"/><line number="293" hits="1"/><line number="297" hits="1"/><line number="298" hits="1"/><line number="300" hits="4"/><line number="301" hits="1"/><line number="302" hits="3"/><line number="303" hits="3"/><line number="304" hits="2"/><line number="305" hits="1"/><line number="307" hits="2"/><line number="308" hits="2"/><line number="310" hits="2"/><line number="314" hits="1"/><line number="323" hits="1"/><line number="324" hits="1"/><line number="325" hits="2"/><line number="329" hits="1"/><line number="330" hits="1"/><line number="331" hits="2"/><line number="335" hits="2"/><line number="336" hits="2"/><line number="337" hits="3"/><line number="341" hits="1"/><line number="342" hits="1"/><line number="343" hits="2"/><line number="347" hits="1"/><line number="348" hits="1"/><line number="350" hits="3"/><line number="351" hits="2"/><line number="353" hits="2"/><line number="354" hits="1"/><line number="355" hits="1"/><line number="358" hits="1"/><line number="367" hits="2"/><line number="369" hits="2"/><line number="372" hits="2"/><line number="373" hits="4"/><line number="375" hits="4"/><line number="376" hits="2"/><line number="380" hits="2"/><line number="381" hits="2"/><line number="382" hits="2"/><line number="384" hits="2"/><line number="387" hits="2"/><line number="393" hits="1"/><line number="396" hits="3"/><line number="398" hits="3"/><line number="399" hits="2"/><line number="400" hits="3"/><line number="401" hits="0"/><line number="402" hits="0"/><line number="403" hits="3"/><line number="404" hits="0"/><line number="406" hits="1"/><line number="417" hits="2"/><line number="418" hits="2"/><line number="424" hits="1"/><line number="428" hits="2"/><line number="430" hits="3"/><line number="431" hits="3"/><line number="432" hits="1"/><line number="434" hits="1"/><line number="442" hits="1"/><line number="446" hits="1"/><line number="448" hits="5"/><line number="449" hits="2"/><line number="452" hits="1"/><line number="453" hits="2"/><line number="454" hits="2"/><line number="459" hits="2"/><line number="463" hits="2"/><line number="464" hits="5"/><line number="465" hits="3"/><line number="467" hits="4"/><line number="468" hits="2"/><line number="469" hits="2"/><line number="474" hits="2"/><line number="480" hits="4"/><line number="482" hits="2"/><line number="483" hits="1"/><line number="485" hits="1"/><line number="490" hits="10"/><line number="494" hits="10"/><line number="495" hits="36"/><line number="497" hits="10"/><line number="498" hits="10"/><line number="499" hits="10"/><line number="500" hits="10"/><line number="501" hits="10"/><line number="503" hits="29"/><line number="504" hits="26"/><line number="505" hits="27"/><line number="506" hits="16"/><line number="508" hits="9"/><line number="509" hits="9"/><line number="510" hits="9"/><line number="511" hits="9"/><line number="513" hits="16"/><line number="514" hits="32"/><line number="515" hits="8"/><line number="516" hits="8"/><line number="520" hits="21"/><line number="521" hits="18"/><line number="529" hits="1"/><line number="531" hits="1"/><line number="534" hits="3"/><line number="535" hits="3"/><line number="538" hits="2"/><line number="539" hits="4"/><line number="540" hits="2"/><line number="542" hits="1"/><line number="547" hits="1"/><line number="551" hits="1"/><line number="556" hits="1"/><line number="558" hits="1"/><line number="561" hits="3"/><line number="562" hits="2"/><line number="564" hits="1"/><line number="566" hits="4"/><line number="567" hits="3"/><line number="569" hits="2"/><line number="572" hits="1"/><line number="575" hits="1"/><line number="580" hits="1"/><line number="587" hits="1"/><line number="588" hits="3"/><line number="589" hits="2"/><line number="590" hits="1"/><line number="592" hits="0"/><line number="597" hits="2"/><line number="598" hits="2"/><line number="603" hits="1"/><line number="605" hits="1"/><line number="608" hits="3"/><line number="609" hits="2"/><line number="610" hits="1"/><line number="612" hits="0"/><line number="617" hits="1"/><line number="618" hits="1"/><line number="619" hits="0"/><line number="628" hits="2"/><line number="629" hits="4"/><line number="632" hits="8"/><line number="634" hits="2"/><line number="636" hits="4"/><line number="638" hits="2"/><line number="640" hits="6"/><line number="641" hits="4"/><line number="642" hits="2"/><line number="643" hits="4"/><line number="644" hits="2"/><line number="649" hits="2"/><line number="654" hits="1"/><line number="656" hits="1"/><line number="659" hits="2"/><line number="660" hits="1"/><line number="661" hits="2"/><line number="663" hits="1"/><line number="664" hits="3"/><line number="665" hits="4"/><line number="670" hits="4"/><line number="671" hits="6"/><line number="672" hits="2"/><line number="676" hits="2"/><line number="678" hits="4"/><line number="687" hits="2"/><line number="689" hits="6"/><line number="692" hits="2"/><line number="693" hits="5"/><line number="694" hits="5"/><line number="695" hits="1"/><line number="699" hits="4"/><line number="700" hits="4"/><line number="703" hits="1"/><line number="707" hits="2"/><line number="709" hits="2"/><line number="710" hits="2"/><line number="712" hits="8"/><line number="713" hits="8"/><line number="714" hits="6"/><line number="715" hits="2"/><line number="718" hits="4"/><line number="719" hits="2"/><line number="722" hits="2"/></lines></class><class name="generic" filename="src/generic.rs" line-rate="1" branch-rate="0" complexity="0"><methods/><lines><line number="40" hits="1"/><line number="41" hits="1"/><line number="44" hits="3"/><line number="45" hits="3"/><line number="46" hits="1"/><line number="47" hits="1"/><line number="48" hits="2"/><line number="49" hits="1"/><line number="50" hits="1"/><line number="51" hits="1"/><line number="52" hits="1"/><line number="53" hits="1"/><line number="54" hits="1"/><line number="55" hits="1"/><line number="56" hits="1"/><line number="57" hits="1"/><line number="58" hits="1"/><line number="62" hits="1"/><line number="63" hits="1"/><line number="78" hits="1"/><line number="79" hits="1"/><line number="80" hits="1"/><line number="81" hits="1"/><line number="85" hits="1"/><line number="86" hits="1"/><line number="87" hits="1"/><line number="88" hits="1"/><line number="89" hits="1"/></lines></class><class name="lib" filename="src/lib.rs" line-rate="0" branch-rate="0" complexity="0"><methods/><lines><line number="13" hits="0"/></lines></class><class name="operations" filename="src/operations.rs" line-rate="0.8842105263157894" branch-rate="0" complexity="0"><methods/><lines><line number="7" hits="1"/><line number="8" hits="2"/><line number="12" hits="1"/><line number="13" hits="1"/><line number="14" hits="0"/><line number="18" hits="1"/><line number="19" hits="1"/><line number="22" hits="1"/><line number="24" hits="2"/><line number="36" hits="1"/><line number="37" hits="1"/><line number="41" hits="1"/><line number="42" hits="1"/><line number="43" hits="1"/><line number="44" hits="1"/><line number="73" hits="4"/><line number="76" hits="4"/><line number="77" hits="16"/><line number="78" hits="4"/><line number="82" hits="1"/><line number="83" hits="2"/><line number="84" hits="2"/><line number="85" hits="1"/><line number="92" hits="1"/><line number="93" hits="1"/><line number="97" hits="1"/><line number="98" hits="2"/><line number="99" hits="1"/><line number="100" hits="1"/><line number="106" hits="0"/><line number="107" hits="0"/><line number="111" hits="1"/><line number="112" hits="2"/><line number="113" hits="1"/><line number="114" hits="1"/><line number="115" hits="1"/><line number="122" hits="0"/><line number="123" hits="0"/><line number="127" hits="1"/><line number="128" hits="2"/><line number="129" hits="1"/><line number="130" hits="1"/><line number="131" hits="1"/><line number="132" hits="1"/><line number="138" hits="1"/><line number="139" hits="1"/><line number="143" hits="1"/><line number="144" hits="3"/><line number="145" hits="1"/><line number="146" hits="1"/><line number="147" hits="1"/><line number="153" hits="1"/><line number="154" hits="1"/><line number="158" hits="1"/><line number="159" hits="3"/><line number="160" hits="1"/><line number="161" hits="1"/><line number="162" hits="1"/><line number="168" hits="1"/><line number="169" hits="1"/><line number="173" hits="0"/><line number="174" hits="0"/><line number="175" hits="0"/><line number="176" hits="0"/><line number="182" hits="0"/><line number="183" hits="0"/><line number="195" hits="1"/><line number="196" hits="2"/><line number="197" hits="2"/><line number="198" hits="4"/><line number="199" hits="1"/><line number="201" hits="1"/><line number="202" hits="1"/><line number="203" hits="1"/><line number="204" hits="1"/><line number="207" hits="1"/><line number="208" hits="1"/><line number="213" hits="1"/><line number="214" hits="1"/><line number="215" hits="1"/><line number="216" hits="1"/><line number="218" hits="1"/><line number="223" hits="1"/><line number="224" hits="1"/><line number="225" hits="1"/><line number="227" hits="3"/><line number="228" hits="2"/><line number="231" hits="1"/><line number="237" hits="2"/><line number="238" hits="4"/><line number="239" hits="4"/><line number="241" hits="4"/><line number="242" hits="2"/><line number="243" hits="2"/><line number="245" hits="2"/></lines></class></classes></package></packages></coverage>